['INFO ]2023-07-04 21:54:24,411(yyyy-MM-ddHH:mm:ss.SSS][main]com.qa.util.Loggerload1)-Launching portal page and getting started
['INFO ]2023-07-04 21:54:26,422(yyyy-MM-ddHH:mm:ss.SSS][main]com.qa.util.Loggerload1)-User launch home page of an dsalgo project
['INFO ]2023-07-04 21:54:27,248(yyyy-MM-ddHH:mm:ss.SSS][main]com.qa.util.Loggerload1)-User launch home page of an dsalgo project
['INFO ]2023-07-04 21:54:27,944(yyyy-MM-ddHH:mm:ss.SSS][main]com.qa.util.Loggerload1)-User launch home page of an dsalgo project
['INFO ]2023-07-04 21:54:28,589(yyyy-MM-ddHH:mm:ss.SSS][main]com.qa.util.Loggerload1)-User launch home page of an dsalgo project
['INFO ]2023-07-04 21:54:29,413(yyyy-MM-ddHH:mm:ss.SSS][main]com.qa.util.Loggerload1)-User launch home page of an dsalgo project
['INFO ]2023-07-04 21:54:30,061(yyyy-MM-ddHH:mm:ss.SSS][main]com.qa.util.Loggerload1)-User launch home page of an dsalgo project
['INFO ]2023-07-04 21:54:30,719(yyyy-MM-ddHH:mm:ss.SSS][main]com.qa.util.Loggerload1)-User launch home page of an dsalgo project
['INFO ]2023-07-04 21:54:31,345(yyyy-MM-ddHH:mm:ss.SSS][main]com.qa.util.Loggerload1)-User launch home page of an dsalgo project
['INFO ]2023-07-04 21:54:31,809(yyyy-MM-ddHH:mm:ss.SSS][main]com.qa.util.Loggerload1)-User launch home page of an dsalgo project
['INFO ]2023-07-04 21:54:32,602(yyyy-MM-ddHH:mm:ss.SSS][main]com.qa.util.Loggerload1)-User in Register page
['INFO ]2023-07-04 21:54:33,084(yyyy-MM-ddHH:mm:ss.SSS][main]com.qa.util.Loggerload1)-User in Register page
['INFO ]2023-07-04 21:54:34,001(yyyy-MM-ddHH:mm:ss.SSS][main]com.qa.util.Loggerload1)-User in Register page
['INFO ]2023-07-04 21:54:35,233(yyyy-MM-ddHH:mm:ss.SSS][main]com.qa.util.Loggerload1)-User in Register page
['INFO ]2023-07-04 21:54:36,041(yyyy-MM-ddHH:mm:ss.SSS][main]com.qa.util.Loggerload1)-User in Register page
['INFO ]2023-07-04 21:54:37,015(yyyy-MM-ddHH:mm:ss.SSS][main]com.qa.util.Loggerload1)-user in Login page
['INFO ]2023-07-04 21:54:38,203(yyyy-MM-ddHH:mm:ss.SSS][main]com.qa.util.Loggerload1)-user in Login page
['INFO ]2023-07-04 21:54:38,662(yyyy-MM-ddHH:mm:ss.SSS][main]com.qa.util.Loggerload1)-user in Login page
['INFO ]2023-07-04 21:54:39,172(yyyy-MM-ddHH:mm:ss.SSS][main]com.qa.util.Loggerload1)-user in Login page
['INFO ]2023-07-04 21:54:39,654(yyyy-MM-ddHH:mm:ss.SSS][main]com.qa.util.Loggerload1)-user in Login page
['INFO ]2023-07-04 21:54:40,097(yyyy-MM-ddHH:mm:ss.SSS][main]com.qa.util.Loggerload1)-user in Login page
['INFO ]2023-07-04 21:54:42,564(yyyy-MM-ddHH:mm:ss.SSS][main]com.qa.util.Loggerload1)-user in Login page
['INFO ]2023-07-04 21:54:43,511(yyyy-MM-ddHH:mm:ss.SSS][main]com.qa.util.Loggerload1)-user in Login page
['INFO ]2023-07-04 21:54:44,270(yyyy-MM-ddHH:mm:ss.SSS][main]com.qa.util.Loggerload1)-user in Login page
['INFO ]2023-07-04 21:54:45,623(yyyy-MM-ddHH:mm:ss.SSS][main]com.qa.util.Loggerload1)-user in Datastructure Module
['INFO ]2023-07-04 21:54:49,704(yyyy-MM-ddHH:mm:ss.SSS][main]com.qa.util.Loggerload1)-user in Datastructure Module
['INFO ]2023-07-04 21:54:50,626(yyyy-MM-ddHH:mm:ss.SSS][main]com.qa.util.Loggerload1)-User in Array Module
['INFO ]2023-07-04 21:55:25,622(yyyy-MM-ddHH:mm:ss.SSS][main]com.qa.util.Loggerload1)-user in Login page
['INFO ]2023-07-04 21:55:26,954(yyyy-MM-ddHH:mm:ss.SSS][main]com.qa.util.Loggerload1)-user in Datastructure Module
['INFO ]2023-07-04 21:55:27,785(yyyy-MM-ddHH:mm:ss.SSS][main]com.qa.util.Loggerload1)-user is in Linkedlist module
['INFO ]2023-07-04 21:55:50,747(yyyy-MM-ddHH:mm:ss.SSS][main]com.qa.util.Loggerload1)-user in Login page
['INFO ]2023-07-04 21:55:52,071(yyyy-MM-ddHH:mm:ss.SSS][main]com.qa.util.Loggerload1)-user in Datastructure Module
['INFO ]2023-07-04 21:55:52,894(yyyy-MM-ddHH:mm:ss.SSS][main]com.qa.util.Loggerload1)-user is in Linkedlist module
['INFO ]2023-07-04 21:55:53,609(yyyy-MM-ddHH:mm:ss.SSS][main]com.qa.util.Loggerload1)-User is in Stack Module
['INFO ]2023-07-04 21:55:56,376(yyyy-MM-ddHH:mm:ss.SSS][main]com.qa.util.Loggerload1)-User is in Stack Module
['INFO ]2023-07-04 21:55:59,062(yyyy-MM-ddHH:mm:ss.SSS][main]com.qa.util.Loggerload1)-User is in Stack Module
['INFO ]2023-07-04 21:56:02,066(yyyy-MM-ddHH:mm:ss.SSS][main]com.qa.util.Loggerload1)-User is in Stack Module
['INFO ]2023-07-04 21:56:02,328(yyyy-MM-ddHH:mm:ss.SSS][main]com.qa.util.Loggerload1)-User is in Stack Module
['INFO ]2023-07-04 21:56:02,652(yyyy-MM-ddHH:mm:ss.SSS][main]com.qa.util.Loggerload1)-user in Login page
['INFO ]2023-07-04 21:56:03,880(yyyy-MM-ddHH:mm:ss.SSS][main]com.qa.util.Loggerload1)-user in Datastructure Module
['INFO ]2023-07-04 21:56:04,647(yyyy-MM-ddHH:mm:ss.SSS][main]com.qa.util.Loggerload1)-user is in Linkedlist module
['INFO ]2023-07-04 21:56:05,489(yyyy-MM-ddHH:mm:ss.SSS][main]com.qa.util.Loggerload1)-user is in Queue Module
['INFO ]2023-07-04 21:56:08,116(yyyy-MM-ddHH:mm:ss.SSS][main]com.qa.util.Loggerload1)-user is in Queue Module
['INFO ]2023-07-04 21:56:10,923(yyyy-MM-ddHH:mm:ss.SSS][main]com.qa.util.Loggerload1)-user is in Queue Module
['INFO ]2023-07-04 21:56:13,517(yyyy-MM-ddHH:mm:ss.SSS][main]com.qa.util.Loggerload1)-user is in Queue Module
['INFO ]2023-07-04 21:56:16,211(yyyy-MM-ddHH:mm:ss.SSS][main]com.qa.util.Loggerload1)-user is in Queue Module
['INFO ]2023-07-04 21:56:17,008(yyyy-MM-ddHH:mm:ss.SSS][main]com.qa.util.Loggerload1)-user in Login page
['INFO ]2023-07-04 21:56:18,277(yyyy-MM-ddHH:mm:ss.SSS][main]com.qa.util.Loggerload1)-user in Datastructure Module
['INFO ]2023-07-04 21:56:19,056(yyyy-MM-ddHH:mm:ss.SSS][main]com.qa.util.Loggerload1)-user is in Linkedlist module
['INFO ]2023-07-04 21:56:20,461(yyyy-MM-ddHH:mm:ss.SSS][main]com.qa.util.Loggerload1)-Overview of Trees
['INFO ]2023-07-04 21:56:23,183(yyyy-MM-ddHH:mm:ss.SSS][main]com.qa.util.Loggerload1)-Terminologies
['INFO ]2023-07-04 21:56:26,034(yyyy-MM-ddHH:mm:ss.SSS][main]com.qa.util.Loggerload1)-types of trees
['INFO ]2023-07-04 21:56:28,656(yyyy-MM-ddHH:mm:ss.SSS][main]com.qa.util.Loggerload1)-tree traversals
['INFO ]2023-07-04 21:56:31,176(yyyy-MM-ddHH:mm:ss.SSS][main]com.qa.util.Loggerload1)-traversals illustration
['INFO ]2023-07-04 21:56:33,845(yyyy-MM-ddHH:mm:ss.SSS][main]com.qa.util.Loggerload1)-binary trees
['INFO ]2023-07-04 21:56:36,652(yyyy-MM-ddHH:mm:ss.SSS][main]com.qa.util.Loggerload1)-types of binary trees
['INFO ]2023-07-04 21:56:39,241(yyyy-MM-ddHH:mm:ss.SSS][main]com.qa.util.Loggerload1)-Implementation in Python
['INFO ]2023-07-04 21:56:42,010(yyyy-MM-ddHH:mm:ss.SSS][main]com.qa.util.Loggerload1)-Binary Tree Traversals
['INFO ]2023-07-04 21:56:44,816(yyyy-MM-ddHH:mm:ss.SSS][main]com.qa.util.Loggerload1)-Implementation of Binary Trees
['INFO ]2023-07-04 21:56:47,746(yyyy-MM-ddHH:mm:ss.SSS][main]com.qa.util.Loggerload1)-Applications of Binary Trees
['INFO ]2023-07-04 21:56:50,828(yyyy-MM-ddHH:mm:ss.SSS][main]com.qa.util.Loggerload1)-Binary Search Trees
['INFO ]2023-07-04 21:56:53,625(yyyy-MM-ddHH:mm:ss.SSS][main]com.qa.util.Loggerload1)-Implementation Of BST
['INFO ]2023-07-04 21:56:56,661(yyyy-MM-ddHH:mm:ss.SSS][main]com.qa.util.Loggerload1)-user in Datastructure Module
['INFO ]2023-07-04 21:56:57,456(yyyy-MM-ddHH:mm:ss.SSS][main]com.qa.util.Loggerload1)-user is in Linkedlist module
['INFO ]2023-07-04 21:56:58,270(yyyy-MM-ddHH:mm:ss.SSS][main]com.qa.util.Loggerload1)-User is in Graph Module
['INFO ]2023-07-04 21:57:00,955(yyyy-MM-ddHH:mm:ss.SSS][main]com.qa.util.Loggerload1)-User is in Graph Module
['INFO ]2023-07-04 21:57:03,729(yyyy-MM-ddHH:mm:ss.SSS][main]com.qa.util.Loggerload1)-User is in Graph Module
['INFO ]2023-07-04 22:20:25,827(yyyy-MM-ddHH:mm:ss.SSS][main]com.qa.util.Loggerload1)-Launching portal page and getting started
['INFO ]2023-07-04 22:20:28,615(yyyy-MM-ddHH:mm:ss.SSS][main]com.qa.util.Loggerload1)-User launch home page of an dsalgo project
['INFO ]2023-07-04 22:20:29,169(yyyy-MM-ddHH:mm:ss.SSS][main]com.qa.util.Loggerload1)-User launch home page of an dsalgo project
['INFO ]2023-07-04 22:20:29,816(yyyy-MM-ddHH:mm:ss.SSS][main]com.qa.util.Loggerload1)-User launch home page of an dsalgo project
['INFO ]2023-07-04 22:20:30,386(yyyy-MM-ddHH:mm:ss.SSS][main]com.qa.util.Loggerload1)-User launch home page of an dsalgo project
['INFO ]2023-07-04 22:20:31,031(yyyy-MM-ddHH:mm:ss.SSS][main]com.qa.util.Loggerload1)-User launch home page of an dsalgo project
['INFO ]2023-07-04 22:20:31,611(yyyy-MM-ddHH:mm:ss.SSS][main]com.qa.util.Loggerload1)-User launch home page of an dsalgo project
['INFO ]2023-07-04 22:20:32,295(yyyy-MM-ddHH:mm:ss.SSS][main]com.qa.util.Loggerload1)-User launch home page of an dsalgo project
['INFO ]2023-07-04 22:20:32,825(yyyy-MM-ddHH:mm:ss.SSS][main]com.qa.util.Loggerload1)-User launch home page of an dsalgo project
['INFO ]2023-07-04 22:20:33,950(yyyy-MM-ddHH:mm:ss.SSS][main]com.qa.util.Loggerload1)-User launch home page of an dsalgo project
['INFO ]2023-07-04 22:20:34,238(yyyy-MM-ddHH:mm:ss.SSS][main]com.qa.util.Loggerload1)-User in Register page
['INFO ]2023-07-04 22:20:34,863(yyyy-MM-ddHH:mm:ss.SSS][main]com.qa.util.Loggerload1)-User in Register page
['INFO ]2023-07-04 22:20:35,363(yyyy-MM-ddHH:mm:ss.SSS][main]com.qa.util.Loggerload1)-User in Register page
['INFO ]2023-07-04 22:20:36,310(yyyy-MM-ddHH:mm:ss.SSS][main]com.qa.util.Loggerload1)-User in Register page
['INFO ]2023-07-04 22:20:36,819(yyyy-MM-ddHH:mm:ss.SSS][main]com.qa.util.Loggerload1)-User in Register page
['INFO ]2023-07-04 22:20:37,430(yyyy-MM-ddHH:mm:ss.SSS][main]com.qa.util.Loggerload1)-user in Login page
['INFO ]2023-07-04 22:20:39,058(yyyy-MM-ddHH:mm:ss.SSS][main]com.qa.util.Loggerload1)-user in Login page
['INFO ]2023-07-04 22:20:39,472(yyyy-MM-ddHH:mm:ss.SSS][main]com.qa.util.Loggerload1)-user in Login page
['INFO ]2023-07-04 22:20:39,943(yyyy-MM-ddHH:mm:ss.SSS][main]com.qa.util.Loggerload1)-user in Login page
['INFO ]2023-07-04 22:20:40,505(yyyy-MM-ddHH:mm:ss.SSS][main]com.qa.util.Loggerload1)-user in Login page
['INFO ]2023-07-04 22:20:40,964(yyyy-MM-ddHH:mm:ss.SSS][main]com.qa.util.Loggerload1)-user in Login page
['INFO ]2023-07-04 22:20:42,534(yyyy-MM-ddHH:mm:ss.SSS][main]com.qa.util.Loggerload1)-user in Login page
['INFO ]2023-07-04 22:20:43,053(yyyy-MM-ddHH:mm:ss.SSS][main]com.qa.util.Loggerload1)-user in Login page
['INFO ]2023-07-04 22:20:43,583(yyyy-MM-ddHH:mm:ss.SSS][main]com.qa.util.Loggerload1)-user in Login page
['INFO ]2023-07-04 22:20:44,422(yyyy-MM-ddHH:mm:ss.SSS][main]com.qa.util.Loggerload1)-user in Datastructure Module
['INFO ]2023-07-04 22:20:55,208(yyyy-MM-ddHH:mm:ss.SSS][main]com.qa.util.Loggerload1)-user in Datastructure Module
['INFO ]2023-07-04 22:20:57,389(yyyy-MM-ddHH:mm:ss.SSS][main]com.qa.util.Loggerload1)-User in Array Module
['INFO ]2023-07-04 22:21:46,499(yyyy-MM-ddHH:mm:ss.SSS][main]com.qa.util.Loggerload1)-user in Login page
['INFO ]2023-07-04 22:21:47,393(yyyy-MM-ddHH:mm:ss.SSS][main]com.qa.util.Loggerload1)-user in Datastructure Module
['INFO ]2023-07-04 22:21:47,995(yyyy-MM-ddHH:mm:ss.SSS][main]com.qa.util.Loggerload1)-user is in Linkedlist module
['INFO ]2023-07-04 22:22:13,476(yyyy-MM-ddHH:mm:ss.SSS][main]com.qa.util.Loggerload1)-user in Login page
['INFO ]2023-07-04 22:22:14,359(yyyy-MM-ddHH:mm:ss.SSS][main]com.qa.util.Loggerload1)-user in Datastructure Module
['INFO ]2023-07-04 22:22:14,917(yyyy-MM-ddHH:mm:ss.SSS][main]com.qa.util.Loggerload1)-user is in Linkedlist module
['INFO ]2023-07-04 22:22:16,187(yyyy-MM-ddHH:mm:ss.SSS][main]com.qa.util.Loggerload1)-User is in Stack Module
['INFO ]2023-07-04 22:22:19,182(yyyy-MM-ddHH:mm:ss.SSS][main]com.qa.util.Loggerload1)-User is in Stack Module
['INFO ]2023-07-04 22:22:22,942(yyyy-MM-ddHH:mm:ss.SSS][main]com.qa.util.Loggerload1)-User is in Stack Module
['INFO ]2023-07-04 22:22:25,680(yyyy-MM-ddHH:mm:ss.SSS][main]com.qa.util.Loggerload1)-User is in Stack Module
['INFO ]2023-07-04 22:22:25,909(yyyy-MM-ddHH:mm:ss.SSS][main]com.qa.util.Loggerload1)-User is in Stack Module
['INFO ]2023-07-04 22:22:26,116(yyyy-MM-ddHH:mm:ss.SSS][main]com.qa.util.Loggerload1)-user in Login page
['INFO ]2023-07-04 22:22:27,187(yyyy-MM-ddHH:mm:ss.SSS][main]com.qa.util.Loggerload1)-user in Datastructure Module
['INFO ]2023-07-04 22:22:27,703(yyyy-MM-ddHH:mm:ss.SSS][main]com.qa.util.Loggerload1)-user is in Linkedlist module
['INFO ]2023-07-04 22:22:28,480(yyyy-MM-ddHH:mm:ss.SSS][main]com.qa.util.Loggerload1)-user is in Queue Module
['INFO ]2023-07-04 22:22:31,419(yyyy-MM-ddHH:mm:ss.SSS][main]com.qa.util.Loggerload1)-user is in Queue Module
['INFO ]2023-07-04 22:22:34,519(yyyy-MM-ddHH:mm:ss.SSS][main]com.qa.util.Loggerload1)-user is in Queue Module
['INFO ]2023-07-04 22:22:37,382(yyyy-MM-ddHH:mm:ss.SSS][main]com.qa.util.Loggerload1)-user is in Queue Module
['INFO ]2023-07-04 22:22:40,110(yyyy-MM-ddHH:mm:ss.SSS][main]com.qa.util.Loggerload1)-user is in Queue Module
['INFO ]2023-07-04 22:22:40,497(yyyy-MM-ddHH:mm:ss.SSS][main]com.qa.util.Loggerload1)-user in Login page
['INFO ]2023-07-04 22:22:41,293(yyyy-MM-ddHH:mm:ss.SSS][main]com.qa.util.Loggerload1)-user in Datastructure Module
['INFO ]2023-07-04 22:22:41,873(yyyy-MM-ddHH:mm:ss.SSS][main]com.qa.util.Loggerload1)-user is in Linkedlist module
['INFO ]2023-07-04 22:22:43,069(yyyy-MM-ddHH:mm:ss.SSS][main]com.qa.util.Loggerload1)-Overview of Trees
['INFO ]2023-07-04 22:22:45,946(yyyy-MM-ddHH:mm:ss.SSS][main]com.qa.util.Loggerload1)-Terminologies
['INFO ]2023-07-04 22:22:48,826(yyyy-MM-ddHH:mm:ss.SSS][main]com.qa.util.Loggerload1)-types of trees
['INFO ]2023-07-04 22:22:51,536(yyyy-MM-ddHH:mm:ss.SSS][main]com.qa.util.Loggerload1)-tree traversals
['INFO ]2023-07-04 22:22:54,113(yyyy-MM-ddHH:mm:ss.SSS][main]com.qa.util.Loggerload1)-traversals illustration
['INFO ]2023-07-04 22:22:57,142(yyyy-MM-ddHH:mm:ss.SSS][main]com.qa.util.Loggerload1)-binary trees
['INFO ]2023-07-04 22:22:59,977(yyyy-MM-ddHH:mm:ss.SSS][main]com.qa.util.Loggerload1)-types of binary trees
['INFO ]2023-07-04 22:23:02,722(yyyy-MM-ddHH:mm:ss.SSS][main]com.qa.util.Loggerload1)-Implementation in Python
['INFO ]2023-07-04 22:23:05,624(yyyy-MM-ddHH:mm:ss.SSS][main]com.qa.util.Loggerload1)-Binary Tree Traversals
['INFO ]2023-07-04 22:23:09,060(yyyy-MM-ddHH:mm:ss.SSS][main]com.qa.util.Loggerload1)-Implementation of Binary Trees
['INFO ]2023-07-04 22:23:11,971(yyyy-MM-ddHH:mm:ss.SSS][main]com.qa.util.Loggerload1)-Applications of Binary Trees
['INFO ]2023-07-04 22:23:15,037(yyyy-MM-ddHH:mm:ss.SSS][main]com.qa.util.Loggerload1)-Binary Search Trees
['INFO ]2023-07-04 22:23:17,653(yyyy-MM-ddHH:mm:ss.SSS][main]com.qa.util.Loggerload1)-Implementation Of BST
['INFO ]2023-07-04 22:23:20,888(yyyy-MM-ddHH:mm:ss.SSS][main]com.qa.util.Loggerload1)-user in Datastructure Module
['INFO ]2023-07-04 22:23:21,418(yyyy-MM-ddHH:mm:ss.SSS][main]com.qa.util.Loggerload1)-user is in Linkedlist module
['INFO ]2023-07-04 22:23:22,225(yyyy-MM-ddHH:mm:ss.SSS][main]com.qa.util.Loggerload1)-User is in Graph Module
['INFO ]2023-07-04 22:23:25,160(yyyy-MM-ddHH:mm:ss.SSS][main]com.qa.util.Loggerload1)-User is in Graph Module
['INFO ]2023-07-04 22:23:28,969(yyyy-MM-ddHH:mm:ss.SSS][main]com.qa.util.Loggerload1)-User is in Graph Module
